<?xml version="1.0" encoding="UTF-8"?>
<!-- Generated by org.testng.reporters.JUnitXMLReporter -->
<testsuite hostname="JAVED" ignored="0" name="TestCase 3" tests="1" failures="1" timestamp="2020-07-21T13:26:33 EDT" time="13.251" errors="0">
  <testcase name="facebookTest" time="12.734" classname="TestCase.TestClass3">
    <failure type="java.lang.AssertionError" message="expected [true] but found [false]">
      <![CDATA[java.lang.AssertionError: expected [true] but found [false]
at TestCase.TestClass3.facebookTest(TestClass3.java:26)
at java.util.concurrent.ThreadPoolExecutor.runWorker(ThreadPoolExecutor.java:1149)
at java.util.concurrent.ThreadPoolExecutor$Worker.run(ThreadPoolExecutor.java:624)
at java.lang.Thread.run(Thread.java:748)
... Removed 16 stack frames]]>
    </failure>
  </testcase> <!-- facebookTest -->
</testsuite> <!-- TestCase 3 -->
